gap> FactorsMPQS(3^179-2^179);
#I  Doing some preprocessing using Pollard's Rho
#I  Pass no. 1
#I  MPQS for n = 
301682988822443534438892632318149190539043505063141078123836723692603
#I  Digits                     :         69
#I  Multiplier                 :          3
#I  Size of factor base        :       3285
#I  Factor base : 
[ -1, 2, 3, 5, 17, 19, 23, 43, 59, 61, 67, 71, 101, 131, 137, 139, 149, 151, 
  157, 173, 179, 181, 191, 199, 229, 241, 251, 271, 277, 281, 307, 313, 317, 
  331, 347, 353, 359, 367, 373, 379, 389, 397, 401, 409, 419, 421, 431, 443, 
  457, 463, 467, 479, 487, 503, 521, 547, 557, 569, 571, 587, 593, 601, 617, 
  619, 631, 641, 643, 653, 661, 691, 787, 809, 823, 829, 859, 863, 877, 881, 
  883, 887, 929, 941, 947, 953, 967, 971, 977, 983, 991, 1039, 1049, 1051, 
  1069, 1087, 1091, 1109, 1117, 1123, 1129, 1151, 1153, 1171, 1181, 1187, 
  1193, 1201, 1213, 1223, 1231, 1259, 1277, 1289, 1291, 1297, 1301, 1303, 
  1307, 1327, 1429, 1433, 1447, 1451, 1453, 1459, 1483, 1487, 1489, 1499, 
  1531, 1549, 1601, 1607, 1613, 1621, 1637, 1663, 1667, 1669, 1693, 1697, 
  1721, 1733, 1741, 1759, 1783, 1789, 1801, 1811, 1831, 1867, 1873, 1877, 
  1907, 1931, 1949, 1973, 1987, 2003, 2011, 2027, 2029, 2039, 2053, 2063, 
  2069, 2083, 2113, 2129, 2153, 2161, 2203, 2239, 2243, 2251, 2267, 2269, 
  2273, 2281, 2297, 2339, 2341, 2357, 2371, 2377, 2381, 2383, 2393, 2411, 
  2423, 2437, 2459, 2467, 2473, 2503, 2521, 2539, 2557, 2591, 2609, 2621, 
  2633, 2657, 2659, 2671, 2687, 2711, 2729, 2731, 2749, 2753, 2767, 2777, 
  2791, 2797, 2801, 2833, 2843, 2851, 2861, 2879, 2887, 2897, 2903, 2909, 
  2939, 2963, 2969, 2971, 2999, 3011, 3023, 3041, 3049, 3079, 3083, 3109, 
  3119, 3137, 3167, 3187, 3203, 3217, 3221, 3251, 3253, 3271, 3299, 3307, 
  3329, 3343, 3359, 3371, 3389, 3391, 3413, 3433, 3449, 3457, 3467, 3469, 
  3517, 3539, 3571, 3583, 3607, 3613, 3623, 3637, 3643, 3673, 3677, 3697, 
  3701, 3727, 3739, 3761, 3793, 3851, 3853, 3877, 3889, 3907, 3917, 3919, 
  3929, 3931, 3989, 4003, 4027, 4051, 4073, 4093, 4099, 4133, 4157, 4159, 
  4177, 4201, 4211, 4219, 4229, 4253, 4259, 4261, 4283, 4297, 4357, 4397, 
  4441, 4447, 4451, 4457, 4463, 4493, 4507, 4517, 4549, 4561, 4597, 4639, 
  4643, 4649, 4651, 4663, 4673, 4691, 4721, 4723, 4733, 4751, 4783, 4787, 
  4789, 4799, 4817, 4831, 4871, 4931, 4951, 4973, 4987, 4999, 5011, 5021, 
  5039, 5059, 5087, 5107, 5113, 5119, 5147, 5171, 5189, 5197, 5231, 5237, 
  5281, 5297, 5333, 5381, 5387, 5441, 5471, 5479, 5483, 5501, 5521, 5527, 
  5563, 5569, 5581, 5591, 5623, 5639, 5653, 5657, 5659, 5669, 5683, 5693, 
  5701, 5711, 5741, 5779, 5783, 5813, 5827, 5851, 5861, 5867, 5879, 5881, 
  5923, 5927, 5981, 5987, 6011, 6043, 6053, 6079, 6113, 6121, 6151, 6211, 
  6217, 6263, 6269, 6271, 6317, 6323, 6329, 6353, 6359, 6367, 6373, 6379, 
  6421, 6427, 6449, 6469, 6481, 6491, 6547, 6563, 6571, 6581, 6619, 6653, 
  6659, 6661, 6673, 6701, 6733, 6737, 6779, 6781, 6793, 6803, 6823, 6841, 
  6857, 6869, 6871, 6883, 6911, 6917, 6947, 6959, 6961, 6967, 6983, 7001, 
  7019, 7043, 7069, 7079, 7121, 7151, 7177, 7207, 7211, 7213, 7219, 7229, 
  7237, 7243, 7297, 7307, 7321, 7349, 7351, 7369, 7393, 7411, 7451, 7457, 
  7459, 7489, 7517, 7523, 7529, 7537, 7577, 7583, 7607, 7643, 7649, 7669, 
  7681, 7699, 7703, 7757, 7759, 7789, 7793, 7853, 7867, 7877, 7907, 7933, 
  8011, 8039, 8081, 8089, 8093, 8101, 8123, 8147, 8161, 8167, 8179, 8191, 
  8209, 8231, 8269, 8287, 8291, 8293, 8317, 8353, 8363, 8377, 8387, 8389, 
  8429, 8447, 8513, 8539, 8563, 8573, 8597, 8609, 8623, 8647, 8677, 8689, 
  8707, 8713, 8719, 8741, 8761, 8803, 8807, 8821, 8831, 8887, 8893, 8923, 
  8929, 8941, 8951, 8969, 8971, 8999, 9011, 9029, 9049, 9109, 9161, 9173, 
  9181, 9199, 9209, 9241, 9257, 9277, 9281, 9323, 9341, 9349, 9377, 9397, 
  9413, 9419, 9421, 9431, 9439, 9461, 9463, 9467, 9491, 9521, 9533, 9547, 
  9613, 9629, 9631, 9649, 9661, 9677, 9679, 9721, 9743, 9787, 9803, 9817, 
  9833, 9851, 9883, 9887, 9901, 9929, 9931, 9973, 10007, 10037, 10061, 10069, 
  10079, 10093, 10159, 10163, 10177, 10211, 10243, 10247, 10253, 10259, 
  10267, 10271, 10273, 10289, 10301, 10303, 10321, 10337, 10343, 10357, 
  10427, 10463, 10477, 10499, 10513, 10559, 10589, 10613, 10627, 10631, 
  10651, 10663, 10667, 10691, 10729, 10753, 10771, 10781, 10799, 10831, 
  10847, 10853, 10867, 10883, 10939, 10949, 10957, 10973, 10979, 11003, 
  11027, 11047, 11069, 11071, 11083, 11093, 11113, 11171, 11173, 11197, 
  11239, 11251, 11257, 11261, 11273, 11279, 11311, 11329, 11353, 11393, 
  11399, 11411, 11437, 11447, 11467, 11489, 11497, 11519, 11551, 11587, 
  11593, 11597, 11633, 11657, 11677, 11681, 11689, 11701, 11717, 11731, 
  11779, 11807, 11827, 11831, 11839, 11863, 11887, 11909, 11927, 11933, 
  11959, 11969, 11971, 11987, 12011, 12073, 12097, 12107, 12109, 12113, 
  12143, 12149, 12157, 12161, 12197, 12227, 12239, 12251, 12269, 12289, 
  12301, 12323, 12329, 12347, 12373, 12391, 12401, 12413, 12437, 12451, 
  12457, 12479, 12491, 12497, 12503, 12517, 12527, 12539, 12547, 12569, 
  12577, 12589, 12611, 12613, 12619, 12637, 12671, 12689, 12713, 12721, 
  12739, 12757, 12781, 12791, 12799, 12809, 12821, 12823, 12829, 12853, 
  12889, 12893, 12911, 12917, 12919, 12923, 12953, 12959, 12983, 13001, 
  13007, 13009, 13099, 13121, 13147, 13159, 13177, 13187, 13229, 13249, 
  13297, 13313, 13339, 13381, 13451, 13463, 13469, 13487, 13499, 13523, 
  13537, 13567, 13591, 13619, 13633, 13687, 13693, 13709, 13721, 13723, 
  13729, 13751, 13757, 13759, 13763, 13781, 13799, 13829, 13831, 13859, 
  13907, 13913, 13931, 13999, 14029, 14051, 14081, 14087, 14107, 14143, 
  14159, 14197, 14243, 14293, 14327, 14347, 14387, 14411, 14423, 14431, 
  14447, 14479, 14537, 14543, 14551, 14627, 14633, 14639, 14653, 14657, 
  14713, 14717, 14737, 14747, 14767, 14779, 14783, 14797, 14813, 14879, 
  14897, 14923, 14929, 14939, 14947, 14951, 14957, 15013, 15017, 15053, 
  15061, 15073, 15083, 15091, 15107, 15131, 15137, 15149, 15187, 15193, 
  15199, 15233, 15263, 15269, 15271, 15277, 15299, 15313, 15329, 15349, 
  15377, 15383, 15391, 15427, 15461, 15473, 15493, 15497, 15511, 15551, 
  15559, 15569, 15581, 15607, 15619, 15643, 15647, 15649, 15661, 15667, 
  15727, 15749, 15773, 15787, 15791, 15881, 15889, 15901, 15959, 16001, 
  16007, 16057, 16061, 16067, 16069, 16097, 16103, 16111, 16127, 16141, 
  16183, 16193, 16223, 16229, 16267, 16273, 16301, 16339, 16349, 16369, 
  16381, 16411, 16421, 16447, 16481, 16487, 16519, 16529, 16547, 16553, 
  16603, 16619, 16633, 16673, 16699, 16729, 16763, 16787, 16811, 16883, 
  16889, 16901, 16903, 16931, 16993, 17033, 17041, 17047, 17053, 17077, 
  17093, 17117, 17137, 17167, 17183, 17203, 17209, 17293, 17299, 17317, 
  17321, 17327, 17351, 17359, 17377, 17383, 17387, 17389, 17393, 17417, 
  17419, 17443, 17449, 17477, 17497, 17509, 17519, 17539, 17551, 17573, 
  17579, 17581, 17623, 17669, 17681, 17713, 17737, 17747, 17783, 17789, 
  17791, 17827, 17837, 17839, 17903, 17909, 17911, 17957, 17971, 17987, 
  18041, 18047, 18059, 18061, 18077, 18097, 18119, 18131, 18149, 18169, 
  18181, 18191, 18211, 18217, 18223, 18229, 18233, 18307, 18313, 18367, 
  18371, 18379, 18443, 18457, 18503, 18521, 18539, 18593, 18637, 18671, 
  18713, 18749, 18839, 18869, 18899, 18913, 18917, 19009, 19037, 19051, 
  19073, 19081, 19087, 19121, 19157, 19181, 19207, 19211, 19219, 19237, 
  19249, 19259, 19267, 19309, 19333, 19381, 19387, 19391, 19403, 19417, 
  19423, 19427, 19429, 19433, 19441, 19447, 19463, 19471, 19477, 19501, 
  19531, 19577, 19603, 19609, 19681, 19697, 19699, 19717, 19751, 19753, 
  19759, 19793, 19819, 19861, 19867, 19889, 19891, 19919, 19927, 19937, 
  19961, 19963, 19973, 19991, 19997, 20021, 20023, 20029, 20101, 20107, 
  20117, 20123, 20143, 20149, 20173, 20183, 20219, 20231, 20249, 20269, 
  20323, 20347, 20357, 20359, 20369, 20389, 20393, 20411, 20441, 20483, 
  20509, 20533, 20549, 20551, 20593, 20599, 20731, 20747, 20753, 20771, 
  20773, 20807, 20849, 20879, 20899, 20903, 20947, 20963, 20981, 21001, 
  21013, 21023, 21031, 21061, 21067, 21089, 21101, 21107, 21121, 21139, 
  21143, 21149, 21163, 21169, 21191, 21193, 21247, 21269, 21313, 21317, 
  21377, 21383, 21397, 21401, 21419, 21433, 21481, 21487, 21491, 21559, 
  21563, 21601, 21617, 21647, 21649, 21683, 21713, 21727, 21737, 21751, 
  21787, 21803, 21821, 21841, 21851, 21859, 21871, 21881, 21893, 21911, 
  21929, 21937, 21943, 21961, 21991, 22013, 22051, 22063, 22079, 22091, 
  22093, 22109, 22111, 22129, 22147, 22193, 22247, 22271, 22273, 22277, 
  22303, 22307, 22349, 22369, 22397, 22409, 22441, 22453, 22481, 22483, 
  22511, 22531, 22543, 22549, 22571, 22619, 22621, 22639, 22699, 22709, 
  22769, 22777, 22807, 22817, 22859, 22861, 22871, 22877, 22901, 22943, 
  22973, 23011, 23021, 23027, 23029, 23039, 23063, 23081, 23087, 23099, 
  23117, 23159, 23173, 23197, 23201, 23203, 23209, 23269, 23293, 23297, 
  23311, 23333, 23339, 23357, 23399, 23473, 23509, 23537, 23567, 23581, 
  23593, 23599, 23627, 23629, 23663, 23747, 23753, 23767, 23773, 23789, 
  23813, 23819, 23827, 23831, 23857, 23873, 23879, 23887, 23909, 23917, 
  23971, 23977, 23981, 24001, 24019, 24023, 24029, 24077, 24097, 24103, 
  24133, 24137, 24169, 24181, 24197, 24203, 24223, 24229, 24281, 24329, 
  24371, 24373, 24379, 24391, 24407, 24421, 24443, 24473, 24481, 24517, 
  24547, 24611, 24623, 24659, 24671, 24677, 24697, 24709, 24733, 24749, 
  24763, 24781, 24793, 24799, 24841, 24847, 24859, 24917, 24919, 24943, 
  24971, 24977, 25037, 25087, 25111, 25117, 25121, 25127, 25163, 25171, 
  25189, 25219, 25237, 25247, 25253, 25261, 25301, 25307, 25339, 25357, 
  25391, 25423, 25439, 25453, 25523, 25589, 25601, 25621, 25633, 25643, 
  25673, 25679, 25693, 25717, 25733, 25747, 25759, 25799, 25819, 25847, 
  25889, 25913, 25931, 25933, 25939, 25969, 25981, 25999, 26003, 26029, 
  26041, 26053, 26113, 26153, 26177, 26189, 26237, 26249, 26251, 26267, 
  26293, 26297, 26309, 26317, 26321, 26357, 26371, 26387, 26393, 26399, 
  26431, 26437, 26449, 26459, 26479, 26489, 26513, 26573, 26597, 26627, 
  26633, 26669, 26681, 26683, 26687, 26693, 26701, 26713, 26723, 26737, 
  26777, 26833, 26849, 26861, 26893, 26927, 26951, 26953, 26987, 26993, 
  27011, 27017, 27031, 27059, 27077, 27091, 27103, 27109, 27143, 27179, 
  27211, 27239, 27241, 27259, 27281, 27283, 27329, 27337, 27367, 27409, 
  27427, 27457, 27479, 27487, 27551, 27583, 27617, 27631, 27673, 27689, 
  27743, 27749, 27767, 27779, 27793, 27803, 27823, 27883, 27917, 27919, 
  27947, 27967, 27983, 28001, 28027, 28031, 28069, 28081, 28087, 28123, 
  28211, 28277, 28279, 28307, 28349, 28387, 28393, 28403, 28411, 28477, 
  28499, 28513, 28517, 28541, 28547, 28559, 28573, 28591, 28597, 28603, 
  28607, 28657, 28663, 28669, 28703, 28711, 28729, 28759, 28771, 28789, 
  28807, 28813, 28843, 28867, 28871, 28901, 28933, 28979, 29021, 29027, 
  29033, 29059, 29123, 29137, 29147, 29179, 29191, 29201, 29243, 29269, 
  29287, 29297, 29303, 29333, 29339, 29363, 29383, 29387, 29389, 29399, 
  29423, 29429, 29437, 29453, 29473, 29483, 29501, 29567, 29569, 29611, 
  29671, 29723, 29761, 29789, 29803, 29819, 29873, 29921, 29927, 29947, 
  29989, 30011, 30013, 30059, 30119, 30133, 30139, 30161, 30187, 30211, 
  30259, 30269, 30271, 30293, 30313, 30367, 30391, 30403, 30431, 30449, 
  30469, 30491, 30509, 30529, 30539, 30557, 30593, 30637, 30643, 30677, 
  30707, 30713, 30763, 30817, 30829, 30853, 30859, 30871, 30881, 30893, 
  30911, 30983, 31033, 31039, 31051, 31079, 31081, 31123, 31153, 31177, 
  31183, 31193, 31219, 31247, 31249, 31259, 31333, 31357, 31387, 31391, 
  31393, 31469, 31511, 31517, 31541, 31547, 31573, 31601, 31643, 31649, 
  31687, 31721, 31727, 31729, 31751, 31771, 31799, 31847, 31849, 31859, 
  31873, 31891, 31963, 32003, 32027, 32029, 32063, 32069, 32083, 32117, 
  32141, 32143, 32173, 32191, 32233, 32251, 32257, 32261, 32299, 32303, 
  32327, 32353, 32363, 32369, 32371, 32401, 32411, 32429, 32441, 32443, 
  32467, 32479, 32491, 32503, 32531, 32533, 32537, 32573, 32579, 32603, 
  32633, 32653, 32687, 32717, 32719, 32831, 32833, 32909, 32911, 32917, 
  32939, 32941, 32993, 32999, 33013, 33023, 33037, 33049, 33053, 33083, 
  33091, 33107, 33113, 33119, 33151, 33161, 33179, 33181, 33203, 33223, 
  33247, 33301, 33329, 33343, 33347, 33349, 33353, 33391, 33403, 33427, 
  33469, 33529, 33547, 33569, 33577, 33581, 33587, 33589, 33601, 33617, 
  33619, 33641, 33647, 33703, 33713, 33739, 33749, 33769, 33773, 33791, 
  33797, 33809, 33811, 33827, 33829, 33851, 33863, 33871, 33889, 33893, 
  33923, 33997, 34039, 34061, 34127, 34147, 34157, 34159, 34213, 34231, 
  34253, 34267, 34273, 34303, 34313, 34319, 34351, 34361, 34403, 34421, 
  34457, 34483, 34487, 34499, 34501, 34511, 34513, 34519, 34537, 34543, 
  34549, 34583, 34589, 34591, 34603, 34607, 34613, 34631, 34651, 34667, 
  34673, 34693, 34721, 34739, 34757, 34763, 34781, 34819, 34841, 34871, 
  34877, 34913, 34919, 34961, 34963, 34981, 35023, 35051, 35059, 35081, 
  35083, 35089, 35099, 35149, 35159, 35251, 35257, 35279, 35291, 35311, 
  35317, 35327, 35339, 35363, 35381, 35419, 35449, 35491, 35509, 35531, 
  35537, 35543, 35617, 35671, 35677, 35729, 35731, 35801, 35809, 35837, 
  35879, 35899, 35923, 35933, 35951, 35983, 35999, 36013, 36037, 36061, 
  36107, 36137, 36187, 36217, 36241, 36263, 36293, 36313, 36319, 36343, 
  36353, 36389, 36473, 36479, 36527, 36551, 36563, 36583, 36587, 36607, 
  36653, 36677, 36683, 36691, 36697, 36709, 36761, 36779, 36781, 36793, 
  36809, 36833, 36847, 36871, 36877, 36899, 36919, 36947, 36979, 37003, 
  37021, 37039, 37049, 37123, 37139, 37171, 37181, 37189, 37199, 37201, 
  37217, 37223, 37253, 37307, 37309, 37313, 37361, 37397, 37423, 37447, 
  37483, 37501, 37511, 37517, 37537, 37547, 37549, 37567, 37573, 37619, 
  37633, 37649, 37663, 37717, 37747, 37783, 37799, 37811, 37831, 37879, 
  37889, 37897, 37951, 37957, 37967, 37997, 38047, 38069, 38083, 38119, 
  38167, 38189, 38197, 38219, 38231, 38237, 38261, 38281, 38299, 38303, 
  38317, 38327, 38329, 38351, 38377, 38449, 38461, 38501, 38593, 38609, 
  38629, 38651, 38669, 38677, 38699, 38707, 38723, 38729, 38737, 38749, 
  38767, 38783, 38821, 38833, 38839, 38851, 38867, 38873, 38891, 38953, 
  38971, 39019, 39023, 39041, 39079, 39107, 39133, 39157, 39161, 39209, 
  39217, 39251, 39293, 39341, 39343, 39367, 39371, 39397, 39419, 39439, 
  39443, 39451, 39461, 39499, 39503, 39521, 39541, 39551, 39563, 39703, 
  39709, 39719, 39761, 39769, 39779, 39827, 39863, 39869, 39877, 39883, 
  39901, 39929, 39953, 39989, 40031, 40063, 40099, 40123, 40151, 40163, 
  40169, 40237, 40241, 40253, 40283, 40343, 40357, 40387, 40427, 40429, 
  40433, 40459, 40487, 40519, 40529, 40543, 40559, 40577, 40583, 40591, 
  40609, 40627, 40693, 40697, 40699, 40739, 40751, 40771, 40787, 40813, 
  40829, 40847, 40849, 40853, 40927, 40939, 40949, 41017, 41023, 41039, 
  41051, 41057, 41081, 41117, 41143, 41149, 41161, 41179, 41189, 41201, 
  41203, 41213, 41233, 41263, 41269, 41281, 41341, 41351, 41387, 41411, 
  41467, 41513, 41519, 41539, 41543, 41549, 41579, 41603, 41617, 41627, 
  41641, 41651, 41659, 41669, 41737, 41759, 41771, 41801, 41849, 41863, 
  41897, 41903, 41911, 41927, 41941, 41947, 41959, 41981, 42013, 42017, 
  42019, 42023, 42061, 42073, 42083, 42089, 42131, 42139, 42169, 42179, 
  42181, 42187, 42227, 42281, 42283, 42293, 42323, 42337, 42349, 42391, 
  42409, 42433, 42443, 42451, 42457, 42461, 42463, 42467, 42499, 42509, 
  42577, 42589, 42649, 42683, 42697, 42701, 42737, 42743, 42751, 42767, 
  42773, 42793, 42797, 42839, 42863, 42899, 42923, 42929, 42937, 42943, 
  42953, 42967, 42979, 43019, 43133, 43159, 43189, 43207, 43261, 43271, 
  43291, 43313, 43319, 43331, 43391, 43399, 43441, 43457, 43487, 43499, 
  43517, 43541, 43543, 43573, 43577, 43579, 43597, 43609, 43613, 43627, 
  43661, 43711, 43721, 43753, 43789, 43793, 43973, 43997, 44021, 44027, 
  44087, 44089, 44111, 44119, 44123, 44131, 44159, 44179, 44189, 44201, 
  44263, 44267, 44269, 44273, 44279, 44293, 44351, 44357, 44371, 44381, 
  44417, 44449, 44491, 44501, 44531, 44533, 44537, 44587, 44623, 44641, 
  44687, 44711, 44729, 44741, 44839, 44843, 44851, 44867, 44887, 44953, 
  44987, 45061, 45137, 45161, 45179, 45181, 45259, 45263, 45307, 45329, 
  45343, 45361, 45389, 45403, 45481, 45503, 45541, 45557, 45667, 45707, 
  45737, 45751, 45763, 45767, 45817, 45821, 45823, 45833, 45863, 45887, 
  45943, 45949, 45959, 46021, 46049, 46051, 46061, 46091, 46133, 46147, 
  46171, 46183, 46187, 46199, 46237, 46261, 46279, 46301, 46309, 46337, 
  46349, 46351, 46411, 46439, 46441, 46447, 46457, 46471, 46489, 46499, 
  46507, 46549, 46573, 46589, 46633, 46639, 46649, 46663, 46703, 46727, 
  46747, 46751, 46769, 46811, 46831, 46867, 46933, 46957, 47051, 47059, 
  47087, 47093, 47119, 47137, 47143, 47147, 47149, 47189, 47237, 47251, 
  47309, 47317, 47363, 47381, 47387, 47497, 47507, 47513, 47521, 47527, 
  47543, 47563, 47569, 47581, 47623, 47657, 47681, 47699, 47711, 47743, 
  47777, 47791, 47807, 47809, 47819, 47843, 47869, 47881, 47903, 47911, 
  47917, 47933, 47939, 47963, 47969, 47981, 48109, 48121, 48131, 48157, 
  48193, 48221, 48239, 48247, 48259, 48271, 48299, 48313, 48341, 48353, 
  48383, 48409, 48413, 48449, 48473, 48541, 48571, 48649, 48673, 48679, 
  48731, 48733, 48757, 48767, 48799, 48869, 48871, 48883, 48889, 48907, 
  48947, 48973, 48989, 48991, 49031, 49033, 49037, 49069, 49117, 49121, 
  49157, 49177, 49199, 49253, 49261, 49277, 49279, 49297, 49307, 49363, 
  49369, 49409, 49411, 49451, 49463, 49477, 49529, 49531, 49537, 49547, 
  49559, 49613, 49627, 49669, 49681, 49697, 49711, 49739, 49741, 49747, 
  49789, 49801, 49823, 49831, 49877, 49891, 49919, 49943, 49957, 49993, 
  50021, 50023, 50033, 50047, 50051, 50069, 50077, 50093, 50111, 50123, 
  50177, 50207, 50273, 50311, 50329, 50363, 50383, 50411, 50441, 50459, 
  50503, 50543, 50551, 50581, 50593, 50707, 50741, 50753, 50767, 50789, 
  50821, 50839, 50857, 50867, 50909, 50929, 50957, 50989, 51001, 51061, 
  51071, 51133, 51137, 51151, 51157, 51229, 51241, 51257, 51283, 51287, 
  51329, 51343, 51383, 51413, 51419, 51421, 51427, 51431, 51439, 51473, 
  51479, 51487, 51503, 51511, 51539, 51563, 51581, 51599, 51607, 51613, 
  51659, 51673, 51679, 51691, 51713, 51719, 51721, 51769, 51787, 51803, 
  51817, 51839, 51853, 51859, 51871, 51893, 51907, 51929, 51941, 51949, 
  51977, 51991, 52009, 52057, 52069, 52081, 52121, 52127, 52163, 52181, 
  52237, 52249, 52259, 52267, 52289, 52301, 52321, 52363, 52391, 52457, 
  52489, 52517, 52529, 52543, 52553, 52561, 52567, 52571, 52627, 52631, 
  52639, 52667, 52691, 52697, 52709, 52727, 52747, 52757, 52769, 52783, 
  52813, 52837, 52859, 52889, 52903, 52919, 52951, 52957, 52963, 52967, 
  52999, 53003, 53017, 53047, 53069, 53089, 53093, 53113, 53117, 53129, 
  53147, 53149, 53161, 53171, 53173, 53189, 53197, 53201, 53233, 53269, 
  53281, 53299, 53327, 53377, 53381, 53437, 53453, 53503, 53507, 53527, 
  53597, 53609, 53623, 53629, 53633, 53639, 53653, 53657, 53681, 53759, 
  53773, 53777, 53791, 53813, 53819, 53831, 53849, 53861, 53881, 53897, 
  53899, 53917, 53951, 53993, 54011, 54013, 54101, 54133, 54139, 54181, 
  54251, 54269, 54287, 54293, 54311, 54319, 54323, 54331, 54361, 54409, 
  54413, 54443, 54469, 54493, 54497, 54499, 54503, 54517, 54521, 54539, 
  54547, 54577, 54583, 54601, 54617, 54623, 54629, 54631, 54647, 54667, 
  54673, 54713, 54751, 54767, 54773, 54829, 54851, 54877, 54881, 54907, 
  54917, 54919, 54949, 54959, 54973, 54979, 54983, 55021, 55057, 55073, 
  55103, 55109, 55127, 55163, 55171, 55213, 55217, 55219, 55229, 55259, 
  55291, 55331, 55339, 55381, 55411, 55457, 55501, 55529, 55603, 55631, 
  55661, 55681, 55697, 55711, 55717, 55763, 55787, 55799, 55807, 55819, 
  55837, 55871, 55889, 55903, 55931, 55967, 55987, 56009, 56039, 56053, 
  56087, 56149, 56167, 56209, 56237, 56239, 56263, 56269, 56311, 56333, 
  56359, 56393, 56401, 56443, 56453, 56477, 56501, 56503, 56519, 56527, 
  56543, 56569, 56597, 56599, 56629, 56671, 56687, 56713, 56731, 56737, 
  56747, 56767, 56773, 56807, 56873, 56891, 56893, 56909, 56921, 56923, 
  56957, 56983, 56993, 56999, 57037, 57041, 57059, 57097, 57107, 57119, 
  57143, 57149, 57163, 57173, 57179, 57203, 57223, 57259, 57269, 57271, 
  57283, 57287, 57301, 57329, 57347, 57373, 57383, 57389, 57427, 57527, 
  57557, 57559, 57571, 57593, 57641, 57709, 57719, 57727, 57773, 57781, 
  57791, 57803, 57809, 57829, 57839, 57847, 57881, 57901, 57923, 57947, 
  57991, 58031, 58111, 58151, 58169, 58171, 58193, 58211, 58229, 58321, 
  58363, 58379, 58391, 58393, 58411, 58417, 58453, 58481, 58543, 58549, 
  58573, 58579, 58601, 58661, 58687, 58693, 58699, 58711, 58727, 58741, 
  58763, 58771, 58787, 58831, 58889, 58913, 58921, 58937, 58963, 58967, 
  58997, 59009, 59029, 59053, 59069, 59107, 59113, 59159, 59183, 59209, 
  59239, 59243, 59263, 59281, 59351, 59359, 59387, 59399, 59407, 59417, 
  59419, 59441, 59471, 59513, 59561, 59581, 59611, 59621, 59629, 59669, 
  59693, 59723, 59743, 59747, 59771, 59809, 59921, 59951, 59981, 60013, 
  60029, 60037, 60041, 60077, 60089, 60091, 60101, 60103, 60133, 60161, 
  60167, 60209, 60257, 60271, 60289, 60293, 60331, 60337, 60343, 60353, 
  60373, 60383, 60427, 60497, 60509, 60521, 60527, 60611, 60623, 60631, 
  60661, 60679, 60689, 60719, 60727, 60757, 60761, 60763, 60793, 60859, 
  60869, 60887, 60889, 60901, 60917, 60919, 60943, 60961, 61001, 61007, 
  61027, 61031, 61043, 61051, 61091, 61121, 61141, 61169, 61253, 61283, 
  61291, 61331, 61333, 61339, 61363, 61379, 61409, 61441, 61463, 61487, 
  61493, 61507, 61511, 61519, 61547, 61559, 61583, 61603, 61609, 61637, 
  61657, 61687, 61717, 61729, 61751, 61781, 61819, 61843, 61871, 61909, 
  61927, 61949, 61961, 61967, 61979, 61981, 61987, 62003, 62011, 62017, 
  62047, 62057, 62071, 62081, 62099, 62129, 62141, 62143, 62207, 62299, 
  62323, 62327, 62351, 62401, 62417, 62423, 62459, 62467, 62483, 62501, 
  62539, 62549, 62563, 62597, 62603, 62639, 62653, 62659, 62683, 62687, 
  62701, 62723, 62753, 62773, 62801, 62851, 62869, 62897, 62903, 62929, 
  62939, 62987, 62989, 63097, 63127, 63179, 63197, 63211, 63247, 63299, 
  63313, 63331, 63337, 63347, 63389, 63391, 63397, 63409, 63443, 63463, 
  63487, 63493, 63527, 63533, 63541, 63587, 63589, 63607, 63659, 63667, 
  63689, 63697, 63703, 63719, 63727, 63761, 63773, 63781, 63793, 63799, 
  63803, 63857, 63913, 63949, 63997, 64033, 64037, 64063, 64091, 64109, 
  64123, 64153, 64171, 64187, 64189, 64237, 64271, 64319, 64327, 64399, 
  64403, 64433, 64451, 64609, 64613, 64663, 64667, 64693, 64717, 64747, 
  64781, 64811, 64817, 64849, 64877, 64891, 64919, 64937, 64997, 65011, 
  65027, 65029, 65063, 65071, 65089, 65101, 65123, 65141, 65167, 65171, 
  65173, 65179, 65183, 65203, 65213, 65267, 65287, 65293, 65323, 65353, 
  65357, 65371, 65381, 65407, 65447, 65449, 65521, 65537, 65557, 65563, 
  65633, 65647, 65651, 65657, 65687, 65701, 65707, 65719, 65729, 65731, 
  65761, 65831, 65837, 65851, 65881, 65899, 65921, 65927, 65951, 65963, 
  65981, 66029, 66037, 66103, 66107, 66169, 66173, 66179, 66191, 66271, 
  66301, 66347, 66361, 66373, 66383, 66463, 66467, 66509, 66533, 66571, 
  66593, 66629, 66643, 66653, 66697, 66701, 66721, 66733, 66739, 66749, 
  66797, 66821, 66851, 66853, 66883, 66919, 66923, 66947, 66973, 66977, 
  67003, 67021, 67049, 67073, 67079, 67187, 67189, 67219, 67231, 67261, 
  67271, 67273, 67307, 67343, 67391, 67399, 67427, 67429, 67481, 67493, 
  67511, 67531, 67537, 67559, 67577, 67579, 67619 ]

#I  Prime powers to be sieved  :       3295
#I  Length of sieving interval :     524288
#I  Small prime limit          :        264
#I  Large prime limit          :   17583410
#I  Number of used a - factors :          5
#I  Size of a - factors pool   :         70
#I  a - factors pool :
[ 694189, 694207, 694223, 694259, 694277, 694319, 694333, 694339, 694349, 
  694357, 694361, 694367, 694373, 694387, 694471, 694487, 694511, 694523, 
  694541, 694559, 694591, 694609, 694717, 694747, 694789, 694831, 694867, 
  694871, 694997, 695003, 695047, 695059, 695069, 695081, 695117, 695171, 
  695207, 695257, 695269, 695281, 695293, 695323, 695347, 695371, 695377, 
  695407, 695411, 695447, 695467, 695491, 695561, 695567, 695573, 695593, 
  695599, 695659, 695677, 695687, 695701, 695719, 695801, 695843, 695867, 
  695873, 695879, 695899, 695917, 695927, 696019, 696061 ]

#I  
#I  Resuming previously interrupted computation
#I  
#I  Sieving
#I  
#I  Collecting relations with a large factor
#I  Complete factorizations over the factor base   :      100
#I  Relations with a large prime factor            :       19
#I  Relations remaining to be found                :     3256
#I  Total factorizations with a large prime factor :     2343
#I  Used Polynomials                               :    12767
#I  Efficiency 1                                   :        4 %
#I  Efficiency 2                                   :       42 %
#I  Progress                                       :        3 %
#I  
#I  
#I  Collecting relations with a large factor
#I  Complete factorizations over the factor base   :      200
#I  Relations with a large prime factor            :       60
#I  Relations remaining to be found                :     3115
#I  Total factorizations with a large prime factor :     4818
#I  Used Polynomials                               :    25619
#I  Efficiency 1                                   :        4 %
#I  Efficiency 2                                   :       42 %
#I  Progress                                       :        7 %
#I  
#I  
#I  Collecting relations with a large factor
#I  Complete factorizations over the factor base   :      300
#I  Relations with a large prime factor            :      130
#I  Relations remaining to be found                :     2945
#I  Total factorizations with a large prime factor :     7176
#I  Used Polynomials                               :    38459
#I  Efficiency 1                                   :        4 %
#I  Efficiency 2                                   :       42 %
#I  Progress                                       :       12 %
#I  
#I  
#I  Collecting relations with a large factor
#I  Complete factorizations over the factor base   :      400
#I  Relations with a large prime factor            :      278
#I  Relations remaining to be found                :     2697
#I  Total factorizations with a large prime factor :     9747
#I  Used Polynomials                               :    52428
#I  Efficiency 1                                   :        4 %
#I  Efficiency 2                                   :       42 %
#I  Progress                                       :       20 %
#I  
#I  
#I  Collecting relations with a large factor
#I  Complete factorizations over the factor base   :      500
#I  Relations with a large prime factor            :      425
#I  Relations remaining to be found                :     2450
#I  Total factorizations with a large prime factor :    12160
#I  Used Polynomials                               :    65223
#I  Efficiency 1                                   :        4 %
#I  Efficiency 2                                   :       42 %
#I  Progress                                       :       27 %
#I  
#I  
#I  Collecting relations with a large factor
#I  Complete factorizations over the factor base   :      600
#I  Relations with a large prime factor            :      596
#I  Relations remaining to be found                :     2179
#I  Total factorizations with a large prime factor :    14211
#I  Used Polynomials                               :    76237
#I  Efficiency 1                                   :        4 %
#I  Efficiency 2                                   :       42 %
#I  Progress                                       :       35 %
#I  
#I  
#I  Collecting relations with a large factor
#I  Complete factorizations over the factor base   :      700
#I  Relations with a large prime factor            :      832
#I  Relations remaining to be found                :     1843
#I  Total factorizations with a large prime factor :    16741
#I  Used Polynomials                               :    89248
#I  Efficiency 1                                   :        4 %
#I  Efficiency 2                                   :       42 %
#I  Progress                                       :       45 %
#I  
#I  
#I  Collecting relations with a large factor
#I  Complete factorizations over the factor base   :      800
#I  Relations with a large prime factor            :     1057
#I  Relations remaining to be found                :     1518
#I  Total factorizations with a large prime factor :    19016
#I  Used Polynomials                               :   101291
#I  Efficiency 1                                   :        4 %
#I  Efficiency 2                                   :       42 %
#I  Progress                                       :       55 %
#I  
#I  
#I  Collecting relations with a large factor
#I  Complete factorizations over the factor base   :      900
#I  Relations with a large prime factor            :     1307
#I  Relations remaining to be found                :     1168
#I  Total factorizations with a large prime factor :    21312
#I  Used Polynomials                               :   113897
#I  Efficiency 1                                   :        4 %
#I  Efficiency 2                                   :       42 %
#I  Progress                                       :       65 %
#I  
#I  
#I  Collecting relations with a large factor
#I  Complete factorizations over the factor base   :     1000
#I  Relations with a large prime factor            :     1655
#I  Relations remaining to be found                :      720
#I  Total factorizations with a large prime factor :    24057
#I  Used Polynomials                               :   128868
#I  Efficiency 1                                   :        4 %
#I  Efficiency 2                                   :       42 %
#I  Progress                                       :       78 %
#I  
#I  
#I  Collecting relations with a large factor
#I  Complete factorizations over the factor base   :     1100
#I  Relations with a large prime factor            :     2024
#I  Relations remaining to be found                :      251
#I  Total factorizations with a large prime factor :    26640
#I  Used Polynomials                               :   142885
#I  Efficiency 1                                   :        4 %
#I  Efficiency 2                                   :       42 %
#I  Progress                                       :       92 %
#I  
#I  
#I  Collecting relations with a large factor
#I  Complete factorizations over the factor base   :     1200
#I  Relations with a large prime factor            :     2393
#I  Relations remaining to be found                :        0
#I  Total factorizations with a large prime factor :    29143
#I  Used Polynomials                               :   156412
#I  Efficiency 1                                   :        4 %
#I  Efficiency 2                                   :       42 %
#I  Progress                                       :      100 %
#I  
#I  Creating the exponent matrix
#I  Doing Gaussian Elimination, #rows = 3593, #columns = 3355
#I  Processing the zero rows
#I  Dependency no. 1 yielded factor 19238611434292026195045887544024913
#I  The factors are
[ 19238611434292026195045887544024913, 15681120742669927371347500711133131 ]

[ 359, 3581, 138547, 472561, 15681120742669927371347500711133131, 
  19238611434292026195045887544024913 ]
gap>

